2022-10-21 14:26:33.471911: I tensorflow/core/platform/cpu_feature_guard.cc:193] This TensorFlow binary is optimized with oneAPI Deep Neural Network Library (oneDNN) to use the following CPU instructions in performance-critical operations:  AVX2 AVX512F AVX512_VNNI FMA
To enable them in other operations, rebuild TensorFlow with the appropriate compiler flags.
2022-10-21 14:26:33.615352: I tensorflow/core/util/util.cc:169] oneDNN custom operations are on. You may see slightly different numerical results due to floating-point round-off errors from different computation orders. To turn them off, set the environment variable `TF_ENABLE_ONEDNN_OPTS=0`.
2022-10-21 14:26:33.662411: E tensorflow/stream_executor/cuda/cuda_blas.cc:2981] Unable to register cuBLAS factory: Attempting to register factory for plugin cuBLAS when one has already been registered
2022-10-21 14:26:35.036751: W tensorflow/stream_executor/platform/default/dso_loader.cc:64] Could not load dynamic library 'libnvinfer.so.7'; dlerror: libnvinfer.so.7: cannot open shared object file: No such file or directory; LD_LIBRARY_PATH: /home/cesar.madera/.local/lib/python3.9/site-packages/cv2/../../lib64:/usr/local/cuda-11.4/lib64:/opt/apps/Python-3.9.2/lib:/usr/local/cuda-11.4/nvvm/lib64:/usr/local/cuda-11.4/extras/CUPTI/lib64:/usr/local/cuda-11.4/lib64:/opt/apps/gcc-9.2.0/lib64:/opt/apps/gcc-9.2.0/lib
2022-10-21 14:26:35.036842: W tensorflow/stream_executor/platform/default/dso_loader.cc:64] Could not load dynamic library 'libnvinfer_plugin.so.7'; dlerror: libnvinfer_plugin.so.7: cannot open shared object file: No such file or directory; LD_LIBRARY_PATH: /home/cesar.madera/.local/lib/python3.9/site-packages/cv2/../../lib64:/usr/local/cuda-11.4/lib64:/opt/apps/Python-3.9.2/lib:/usr/local/cuda-11.4/nvvm/lib64:/usr/local/cuda-11.4/extras/CUPTI/lib64:/usr/local/cuda-11.4/lib64:/opt/apps/gcc-9.2.0/lib64:/opt/apps/gcc-9.2.0/lib
2022-10-21 14:26:35.036854: W tensorflow/compiler/tf2tensorrt/utils/py_utils.cc:38] TF-TRT Warning: Cannot dlopen some TensorRT libraries. If you would like to use Nvidia GPU with TensorRT, please make sure the missing libraries mentioned above are installed properly.
10.2
True
device is:  cuda
Keras version: 2.10.0
Read train images
Load folder Mugil cephalus (Index: 0)
./Fish Species/Training_Set/Mugil cephalus/*.jpg
./Fish Species/Training_Set/Mugil cephalus/mugil_cephalus-1579.jpg
(244, 244, 3)
./Fish Species/Training_Set/Mugil cephalus/mugil_cephalus-71.jpg
(244, 244, 3)
./Fish Species/Training_Set/Mugil cephalus/mugil_cephalus-1253.jpg
(244, 244, 3)
./Fish Species/Training_Set/Mugil cephalus/mugil_cephalus-1013.jpg
(244, 244, 3)
./Fish Species/Training_Set/Mugil cephalus/mugil_cephalus-1300.jpg
(244, 244, 3)
./Fish Species/Training_Set/Mugil cephalus/mugil_cephalus-1648.jpg
(244, 244, 3)
./Fish Species/Training_Set/Mugil cephalus/mugil_cephalus-1670.jpg
(244, 244, 3)
./Fish Species/Training_Set/Mugil cephalus/mugil_cephalus-1268.jpg
(244, 244, 3)
./Fish Species/Training_Set/Mugil cephalus/mugil_cephalus-431.jpg
(244, 244, 3)
./Fish Species/Training_Set/Mugil cephalus/mugil_cephalus-874.jpg
(244, 244, 3)
./Fish Species/Training_Set/Mugil cephalus/mugil_cephalus-1136.jpg
(244, 244, 3)
./Fish Species/Training_Set/Mugil cephalus/mugil_cephalus-1450.jpg
(244, 244, 3)
./Fish Species/Training_Set/Mugil cephalus/mugil_cephalus-1626.jpg
(244, 244, 3)
./Fish Species/Training_Set/Mugil cephalus/mugil_cephalus-813.jpg
(244, 244, 3)
./Fish Species/Training_Set/Mugil cephalus/mugil_cephalus-245.jpg
(244, 244, 3)
./Fish Species/Training_Set/Mugil cephalus/mugil_cephalus-1097.jpg
(244, 244, 3)
./Fish Species/Training_Set/Mugil cephalus/mugil_cephalus-1406.jpg
(244, 244, 3)
./Fish Species/Training_Set/Mugil cephalus/mugil_cephalus-37.jpg
(244, 244, 3)
./Fish Species/Training_Set/Mugil cephalus/mugil_cephalus-1624.jpg
(244, 244, 3)
./Fish Species/Training_Set/Mugil cephalus/mugil_cephalus-1291.jpg
(244, 244, 3)
./Fish Species/Training_Set/Mugil cephalus/mugil_cephalus-1141.jpg
(244, 244, 3)
./Fish Species/Training_Set/Mugil cephalus/mugil_cephalus-70.jpg
(244, 244, 3)
./Fish Species/Training_Set/Mugil cephalus/mugil_cephalus-674.jpg
(244, 244, 3)
./Fish Species/Training_Set/Mugil cephalus/mugil_cephalus-777.jpg
(244, 244, 3)
./Fish Species/Training_Set/Mugil cephalus/mugil_cephalus-184.jpg
(244, 244, 3)
./Fish Species/Training_Set/Mugil cephalus/mugil_cephalus-799.jpg
(244, 244, 3)
./Fish Species/Training_Set/Mugil cephalus/mugil_cephalus-96.jpg
(244, 244, 3)
./Fish Species/Training_Set/Mugil cephalus/mugil_cephalus-608.jpg
(244, 244, 3)
./Fish Species/Training_Set/Mugil cephalus/mugil_cephalus-974.jpg
(244, 244, 3)
./Fish Species/Training_Set/Mugil cephalus/mugil_cephalus-1539.jpg
(244, 244, 3)
./Fish Species/Training_Set/Mugil cephalus/mugil_cephalus-264.jpg
(244, 244, 3)
./Fish Species/Training_Set/Mugil cephalus/mugil_cephalus-951.jpg
(244, 244, 3)
./Fish Species/Training_Set/Mugil cephalus/mugil_cephalus-368.jpg
(244, 244, 3)
./Fish Species/Training_Set/Mugil cephalus/mugil_cephalus-470.jpg
(244, 244, 3)
./Fish Species/Training_Set/Mugil cephalus/mugil_cephalus-262.jpg
(244, 244, 3)
./Fish Species/Training_Set/Mugil cephalus/mugil_cephalus-794.jpg
(244, 244, 3)
./Fish Species/Training_Set/Mugil cephalus/mugil_cephalus-1636.jpg
(244, 244, 3)
./Fish Species/Training_Set/Mugil cephalus/mugil_cephalus-656.jpg
(244, 244, 3)
./Fish Species/Training_Set/Mugil cephalus/mugil_cephalus-1229.jpg
(244, 244, 3)
./Fish Species/Training_Set/Mugil cephalus/mugil_cephalus-1476.jpg
(244, 244, 3)
./Fish Species/Training_Set/Mugil cephalus/mugil_cephalus-928.jpg
(244, 244, 3)
./Fish Species/Training_Set/Mugil cephalus/mugil_cephalus-1595.jpg
(244, 244, 3)
./Fish Species/Training_Set/Mugil cephalus/mugil_cephalus-213.jpg
(244, 244, 3)
./Fish Species/Training_Set/Mugil cephalus/mugil_cephalus-644.jpg
(244, 244, 3)
./Fish Species/Training_Set/Mugil cephalus/mugil_cephalus-931.jpg
(244, 244, 3)
./Fish Species/Training_Set/Mugil cephalus/mugil_cephalus-1533.jpg
(244, 244, 3)
./Fish Species/Training_Set/Mugil cephalus/mugil_cephalus-77.jpg
(244, 244, 3)
./Fish Species/Training_Set/Mugil cephalus/mugil_cephalus-1621.jpg
(244, 244, 3)
./Fish Species/Training_Set/Mugil cephalus/mugil_cephalus-979.jpg
(244, 244, 3)
./Fish Species/Training_Set/Mugil cephalus/mugil_cephalus-1130.jpg
(244, 244, 3)
./Fish Species/Training_Set/Mugil cephalus/mugil_cephalus-632.jpg
(244, 244, 3)
./Fish Species/Training_Set/Mugil cephalus/mugil_cephalus-916.jpg
(244, 244, 3)
./Fish Species/Training_Set/Mugil cephalus/mugil_cephalus-1188.jpg
(244, 244, 3)
./Fish Species/Training_Set/Mugil cephalus/mugil_cephalus-215.jpg
(244, 244, 3)
./Fish Species/Training_Set/Mugil cephalus/mugil_cephalus-490.jpg
(244, 244, 3)
./Fish Species/Training_Set/Mugil cephalus/mugil_cephalus-1308.jpg
(244, 244, 3)
./Fish Species/Training_Set/Mugil cephalus/mugil_cephalus-660.jpg
(244, 244, 3)
./Fish Species/Training_Set/Mugil cephalus/mugil_cephalus-464.jpg
(244, 244, 3)
./Fish Species/Training_Set/Mugil cephalus/mugil_cephalus-115.jpg
(244, 244, 3)
./Fish Species/Training_Set/Mugil cephalus/mugil_cephalus-665.jpg
(244, 244, 3)
./Fish Species/Training_Set/Mugil cephalus/mugil_cephalus-1031.jpg
(244, 244, 3)
./Fish Species/Training_Set/Mugil cephalus/mugil_cephalus-857.jpg
(244, 244, 3)
./Fish Species/Training_Set/Mugil cephalus/mugil_cephalus-504.jpg
(244, 244, 3)
./Fish Species/Training_Set/Mugil cephalus/mugil_cephalus-243.jpg
(244, 244, 3)
./Fish Species/Training_Set/Mugil cephalus/mugil_cephalus-1317.jpg
(244, 244, 3)
./Fish Species/Training_Set/Mugil cephalus/mugil_cephalus-626.jpg
(244, 244, 3)
./Fish Species/Training_Set/Mugil cephalus/mugil_cephalus-1206.jpg
(244, 244, 3)
./Fish Species/Training_Set/Mugil cephalus/mugil_cephalus-1285.jpg
(244, 244, 3)
./Fish Species/Training_Set/Mugil cephalus/mugil_cephalus-595.jpg
(244, 244, 3)
./Fish Species/Training_Set/Mugil cephalus/mugil_cephalus-1241.jpg
(244, 244, 3)
./Fish Species/Training_Set/Mugil cephalus/mugil_cephalus-745.jpg
(244, 244, 3)
./Fish Species/Training_Set/Mugil cephalus/mugil_cephalus-798.jpg
(244, 244, 3)
./Fish Species/Training_Set/Mugil cephalus/mugil_cephalus-1613.jpg
(244, 244, 3)
./Fish Species/Training_Set/Mugil cephalus/mugil_cephalus-66.jpg
(244, 244, 3)
./Fish Species/Training_Set/Mugil cephalus/mugil_cephalus-761.jpg
(244, 244, 3)
./Fish Species/Training_Set/Mugil cephalus/mugil_cephalus-218.jpg
(244, 244, 3)
./Fish Species/Training_Set/Mugil cephalus/mugil_cephalus-353.jpg
(244, 244, 3)
./Fish Species/Training_Set/Mugil cephalus/mugil_cephalus-89.jpg
(244, 244, 3)
./Fish Species/Training_Set/Mugil cephalus/mugil_cephalus-1088.jpg
(244, 244, 3)
./Fish Species/Training_Set/Mugil cephalus/mugil_cephalus-895.jpg
(244, 244, 3)
./Fish Species/Training_Set/Mugil cephalus/mugil_cephalus-833.jpg
(244, 244, 3)
./Fish Species/Training_Set/Mugil cephalus/mugil_cephalus-206.jpg
(244, 244, 3)
./Fish Species/Training_Set/Mugil cephalus/mugil_cephalus-1080.jpg
(244, 244, 3)
./Fish Species/Training_Set/Mugil cephalus/mugil_cephalus-705.jpg
(244, 244, 3)
./Fish Species/Training_Set/Mugil cephalus/mugil_cephalus-1089.jpg
(244, 244, 3)
./Fish Species/Training_Set/Mugil cephalus/mugil_cephalus-58.jpg
(244, 244, 3)
./Fish Species/Training_Set/Mugil cephalus/mugil_cephalus-984.jpg
(244, 244, 3)
./Fish Species/Training_Set/Mugil cephalus/mugil_cephalus-299.jpg
(244, 244, 3)
./Fish Species/Training_Set/Mugil cephalus/mugil_cephalus-831.jpg
(244, 244, 3)
./Fish Species/Training_Set/Mugil cephalus/mugil_cephalus-17.jpg
(244, 244, 3)
./Fish Species/Training_Set/Mugil cephalus/mugil_cephalus-1309.jpg
(244, 244, 3)
./Fish Species/Training_Set/Mugil cephalus/mugil_cephalus-1022.jpg
(244, 244, 3)
./Fish Species/Training_Set/Mugil cephalus/mugil_cephalus-1247.jpg
(244, 244, 3)
./Fish Species/Training_Set/Mugil cephalus/mugil_cephalus-1347.jpg
(244, 244, 3)
./Fish Species/Training_Set/Mugil cephalus/mugil_cephalus-1112.jpg
(244, 244, 3)
./Fish Species/Training_Set/Mugil cephalus/mugil_cephalus-1332.jpg
(244, 244, 3)
./Fish Species/Training_Set/Mugil cephalus/mugil_cephalus-425.jpg
(244, 244, 3)
./Fish Species/Training_Set/Mugil cephalus/mugil_cephalus-469.jpg
(244, 244, 3)
./Fish Species/Training_Set/Mugil cephalus/mugil_cephalus-1048.jpg
(244, 244, 3)
./Fish Species/Training_Set/Mugil cephalus/mugil_cephalus-989.jpg
(244, 244, 3)
./Fish Species/Training_Set/Mugil cephalus/mugil_cephalus-1578.jpg
(244, 244, 3)
./Fish Species/Training_Set/Mugil cephalus/mugil_cephalus-409.jpg
(244, 244, 3)
./Fish Species/Training_Set/Mugil cephalus/mugil_cephalus-1056.jpg
(244, 244, 3)
./Fish Species/Training_Set/Mugil cephalus/mugil_cephalus-1295.jpg
(244, 244, 3)
./Fish Species/Training_Set/Mugil cephalus/mugil_cephalus-599.jpg
(244, 244, 3)
./Fish Species/Training_Set/Mugil cephalus/mugil_cephalus-661.jpg
(244, 244, 3)
./Fish Species/Training_Set/Mugil cephalus/mugil_cephalus-457.jpg
(244, 244, 3)
./Fish Species/Training_Set/Mugil cephalus/mugil_cephalus-1137.jpg
(244, 244, 3)
./Fish Species/Training_Set/Mugil cephalus/mugil_cephalus-1507.jpg
(244, 244, 3)
./Fish Species/Training_Set/Mugil cephalus/mugil_cephalus-344.jpg
(244, 244, 3)
./Fish Species/Training_Set/Mugil cephalus/mugil_cephalus-703.jpg
(244, 244, 3)
./Fish Species/Training_Set/Mugil cephalus/mugil_cephalus-1061.jpg
(244, 244, 3)
./Fish Species/Training_Set/Mugil cephalus/mugil_cephalus-259.jpg
(244, 244, 3)
./Fish Species/Training_Set/Mugil cephalus/mugil_cephalus-583.jpg
(244, 244, 3)
./Fish Species/Training_Set/Mugil cephalus/mugil_cephalus-671.jpg
(244, 244, 3)
./Fish Species/Training_Set/Mugil cephalus/mugil_cephalus-625.jpg
(244, 244, 3)
./Fish Species/Training_Set/Mugil cephalus/mugil_cephalus-125.jpg
(244, 244, 3)
./Fish Species/Training_Set/Mugil cephalus/mugil_cephalus-1459.jpg
(244, 244, 3)
./Fish Species/Training_Set/Mugil cephalus/mugil_cephalus-1486.jpg
(244, 244, 3)
./Fish Species/Training_Set/Mugil cephalus/mugil_cephalus-606.jpg
(244, 244, 3)
./Fish Species/Training_Set/Mugil cephalus/mugil_cephalus-1323.jpg
(244, 244, 3)
./Fish Species/Training_Set/Mugil cephalus/mugil_cephalus-649.jpg
(244, 244, 3)
./Fish Species/Training_Set/Mugil cephalus/mugil_cephalus-139.jpg
(244, 244, 3)
./Fish Species/Training_Set/Mugil cephalus/mugil_cephalus-1514.jpg
(244, 244, 3)
./Fish Species/Training_Set/Mugil cephalus/mugil_cephalus-852.jpg
(244, 244, 3)
./Fish Species/Training_Set/Mugil cephalus/mugil_cephalus-327.jpg
(244, 244, 3)
./Fish Species/Training_Set/Mugil cephalus/mugil_cephalus-1185.jpg
(244, 244, 3)
./Fish Species/Training_Set/Mugil cephalus/mugil_cephalus-228.jpg
(244, 244, 3)
./Fish Species/Training_Set/Mugil cephalus/mugil_cephalus-1165.jpg
(244, 244, 3)
./Fish Species/Training_Set/Mugil cephalus/mugil_cephalus-723.jpg
(244, 244, 3)
./Fish Species/Training_Set/Mugil cephalus/mugil_cephalus-122.jpg
(244, 244, 3)
./Fish Species/Training_Set/Mugil cephalus/mugil_cephalus-887.jpg
(244, 244, 3)
./Fish Species/Training_Set/Mugil cephalus/mugil_cephalus-802.jpg
(244, 244, 3)
./Fish Species/Training_Set/Mugil cephalus/mugil_cephalus-1329.jpg
(244, 244, 3)
./Fish Species/Training_Set/Mugil cephalus/mugil_cephalus-200.jpg
(244, 244, 3)
./Fish Species/Training_Set/Mugil cephalus/mugil_cephalus-1265.jpg
(244, 244, 3)
./Fish Species/Training_Set/Mugil cephalus/mugil_cephalus-551.jpg
(244, 244, 3)
./Fish Species/Training_Set/Mugil cephalus/mugil_cephalus-1054.jpg
(244, 244, 3)
./Fish Species/Training_Set/Mugil cephalus/mugil_cephalus-1101.jpg
(244, 244, 3)
./Fish Species/Training_Set/Mugil cephalus/mugil_cephalus-1470.jpg
(244, 244, 3)
./Fish Species/Training_Set/Mugil cephalus/mugil_cephalus-936.jpg
(244, 244, 3)
./Fish Species/Training_Set/Mugil cephalus/mugil_cephalus-1379.jpg
(244, 244, 3)
./Fish Species/Training_Set/Mugil cephalus/mugil_cephalus-897.jpg
(244, 244, 3)
./Fish Species/Training_Set/Mugil cephalus/mugil_cephalus-715.jpg
(244, 244, 3)
./Fish Species/Training_Set/Mugil cephalus/mugil_cephalus-451.jpg
(244, 244, 3)
./Fish Species/Training_Set/Mugil cephalus/mugil_cephalus-129.jpg
(244, 244, 3)
./Fish Species/Training_Set/Mugil cephalus/mugil_cephalus-957.jpg
(244, 244, 3)
./Fish Species/Training_Set/Mugil cephalus/mugil_cephalus-1239.jpg
(244, 244, 3)
./Fish Species/Training_Set/Mugil cephalus/mugil_cephalus-791.jpg
(244, 244, 3)
./Fish Species/Training_Set/Mugil cephalus/mugil_cephalus-1660.jpg
(244, 244, 3)
./Fish Species/Training_Set/Mugil cephalus/mugil_cephalus-1167.jpg
(244, 244, 3)
./Fish Species/Training_Set/Mugil cephalus/mugil_cephalus-250.jpg
(244, 244, 3)
./Fish Species/Training_Set/Mugil cephalus/mugil_cephalus-27.jpg
(244, 244, 3)
./Fish Species/Training_Set/Mugil cephalus/mugil_cephalus-1461.jpg
(244, 244, 3)
./Fish Species/Training_Set/Mugil cephalus/mugil_cephalus-968.jpg
(244, 244, 3)
./Fish Species/Training_Set/Mugil cephalus/mugil_cephalus-943.jpg
(244, 244, 3)
./Fish Species/Training_Set/Mugil cephalus/mugil_cephalus-22.jpg
(244, 244, 3)
./Fish Species/Training_Set/Mugil cephalus/mugil_cephalus-611.jpg
(244, 244, 3)
./Fish Species/Training_Set/Mugil cephalus/mugil_cephalus-194.jpg
(244, 244, 3)
./Fish Species/Training_Set/Mugil cephalus/mugil_cephalus-1359.jpg
(244, 244, 3)
./Fish Species/Training_Set/Mugil cephalus/mugil_cephalus-1549.jpg
(244, 244, 3)
./Fish Species/Training_Set/Mugil cephalus/mugil_cephalus-1401.jpg
(244, 244, 3)
./Fish Species/Training_Set/Mugil cephalus/mugil_cephalus-1530.jpg
(244, 244, 3)
./Fish Species/Training_Set/Mugil cephalus/mugil_cephalus-281.jpg
(244, 244, 3)
./Fish Species/Training_Set/Mugil cephalus/mugil_cephalus-734.jpg
(244, 244, 3)
./Fish Species/Training_Set/Mugil cephalus/mugil_cephalus-1159.jpg
(244, 244, 3)
./Fish Species/Training_Set/Mugil cephalus/mugil_cephalus-996.jpg
(244, 244, 3)
./Fish Species/Training_Set/Mugil cephalus/mugil_cephalus-572.jpg
(244, 244, 3)
./Fish Species/Training_Set/Mugil cephalus/mugil_cephalus-1191.jpg
(244, 244, 3)
./Fish Species/Training_Set/Mugil cephalus/mugil_cephalus-512.jpg
(244, 244, 3)
./Fish Species/Training_Set/Mugil cephalus/mugil_cephalus-400.jpg
(244, 244, 3)
./Fish Species/Training_Set/Mugil cephalus/mugil_cephalus-1026.jpg
(244, 244, 3)
./Fish Species/Training_Set/Mugil cephalus/mugil_cephalus-253.jpg
(244, 244, 3)
./Fish Species/Training_Set/Mugil cephalus/mugil_cephalus-604.jpg
(244, 244, 3)
./Fish Species/Training_Set/Mugil cephalus/mugil_cephalus-1597.jpg
(244, 244, 3)
./Fish Species/Training_Set/Mugil cephalus/mugil_cephalus-394.jpg
(244, 244, 3)
./Fish Species/Training_Set/Mugil cephalus/mugil_cephalus-1078.jpg
(244, 244, 3)
./Fish Species/Training_Set/Mugil cephalus/mugil_cephalus-164.jpg
(244, 244, 3)
./Fish Species/Training_Set/Mugil cephalus/mugil_cephalus-733.jpg
(244, 244, 3)
./Fish Species/Training_Set/Mugil cephalus/mugil_cephalus-893.jpg
(244, 244, 3)
./Fish Species/Training_Set/Mugil cephalus/mugil_cephalus-1357.jpg
(244, 244, 3)
./Fish Species/Training_Set/Mugil cephalus/mugil_cephalus-1008.jpg
(244, 244, 3)
./Fish Species/Training_Set/Mugil cephalus/mugil_cephalus-571.jpg
(244, 244, 3)
./Fish Species/Training_Set/Mugil cephalus/mugil_cephalus-863.jpg
(244, 244, 3)
./Fish Species/Training_Set/Mugil cephalus/mugil_cephalus-666.jpg
(244, 244, 3)
./Fish Species/Training_Set/Mugil cephalus/mugil_cephalus-186.jpg
(244, 244, 3)
./Fish Species/Training_Set/Mugil cephalus/mugil_cephalus-47.jpg
(244, 244, 3)
./Fish Species/Training_Set/Mugil cephalus/mugil_cephalus-1669.jpg
(244, 244, 3)
./Fish Species/Training_Set/Mugil cephalus/mugil_cephalus-601.jpg
(244, 244, 3)
./Fish Species/Training_Set/Mugil cephalus/mugil_cephalus-1219.jpg
(244, 244, 3)
./Fish Species/Training_Set/Mugil cephalus/mugil_cephalus-1135.jpg
(244, 244, 3)
./Fish Species/Training_Set/Mugil cephalus/mugil_cephalus-260.jpg
(244, 244, 3)
./Fish Species/Training_Set/Mugil cephalus/mugil_cephalus-981.jpg
(244, 244, 3)
./Fish Species/Training_Set/Mugil cephalus/mugil_cephalus-247.jpg
(244, 244, 3)
./Fish Species/Training_Set/Mugil cephalus/mugil_cephalus-593.jpg
(244, 244, 3)
./Fish Species/Training_Set/Mugil cephalus/mugil_cephalus-1211.jpg
(244, 244, 3)
./Fish Species/Training_Set/Mugil cephalus/mugil_cephalus-408.jpg
(244, 244, 3)
./Fish Species/Training_Set/Mugil cephalus/mugil_cephalus-1381.jpg
(244, 244, 3)
./Fish Species/Training_Set/Mugil cephalus/mugil_cephalus-757.jpg
(244, 244, 3)
./Fish Species/Training_Set/Mugil cephalus/mugil_cephalus-1240.jpg
(244, 244, 3)
./Fish Species/Training_Set/Mugil cephalus/mugil_cephalus-325.jpg
(244, 244, 3)
./Fish Species/Training_Set/Mugil cephalus/mugil_cephalus-346.jpg
(244, 244, 3)
./Fish Species/Training_Set/Mugil cephalus/mugil_cephalus-820.jpg
(244, 244, 3)
./Fish Species/Training_Set/Mugil cephalus/mugil_cephalus-402.jpg
(244, 244, 3)
./Fish Species/Training_Set/Mugil cephalus/mugil_cephalus-1633.jpg
(244, 244, 3)
./Fish Species/Training_Set/Mugil cephalus/mugil_cephalus-1688.jpg
(244, 244, 3)
./Fish Species/Training_Set/Mugil cephalus/mugil_cephalus-1095.jpg
(244, 244, 3)
./Fish Species/Training_Set/Mugil cephalus/mugil_cephalus-564.jpg
(244, 244, 3)
./Fish Species/Training_Set/Mugil cephalus/mugil_cephalus-1343.jpg
(244, 244, 3)
./Fish Species/Training_Set/Mugil cephalus/mugil_cephalus-1146.jpg
(244, 244, 3)
./Fish Species/Training_Set/Mugil cephalus/mugil_cephalus-1456.jpg
(244, 244, 3)
./Fish Species/Training_Set/Mugil cephalus/mugil_cephalus-111.jpg
(244, 244, 3)
./Fish Species/Training_Set/Mugil cephalus/mugil_cephalus-322.jpg
(244, 244, 3)
./Fish Species/Training_Set/Mugil cephalus/mugil_cephalus-1547.jpg
(244, 244, 3)
./Fish Species/Training_Set/Mugil cephalus/mugil_cephalus-395.jpg
(244, 244, 3)
./Fish Species/Training_Set/Mugil cephalus/mugil_cephalus-1321.jpg
(244, 244, 3)
./Fish Species/Training_Set/Mugil cephalus/mugil_cephalus-941.jpg
(244, 244, 3)
./Fish Species/Training_Set/Mugil cephalus/mugil_cephalus-1630.jpg
(244, 244, 3)
./Fish Species/Training_Set/Mugil cephalus/mugil_cephalus-55.jpg
(244, 244, 3)
./Fish Species/Training_Set/Mugil cephalus/mugil_cephalus-1520.jpg
(244, 244, 3)
./Fish Species/Training_Set/Mugil cephalus/mugil_cephalus-1463.jpg
(244, 244, 3)
./Fish Species/Training_Set/Mugil cephalus/mugil_cephalus-1129.jpg
(244, 244, 3)
./Fish Species/Training_Set/Mugil cephalus/mugil_cephalus-1446.jpg
(244, 244, 3)
./Fish Species/Training_Set/Mugil cephalus/mugil_cephalus-357.jpg
(244, 244, 3)
./Fish Species/Training_Set/Mugil cephalus/mugil_cephalus-1297.jpg
Traceback (most recent call last):
  File "/home/cesar.madera/Fish-classification/main.py", line 298, in <module>
    info_string, model = run_cross_validation_create_models(num_folds)
  File "/home/cesar.madera/Fish-classification/main.py", line 205, in run_cross_validation_create_models
    train_data, train_target, train_id = read_and_normalize_train_data()
  File "/home/cesar.madera/Fish-classification/main.py", line 98, in read_and_normalize_train_data
    train_data, train_target, train_id = load_train()
  File "/home/cesar.madera/Fish-classification/main.py", line 63, in load_train
    img = get_im_cv2(fl)
  File "/home/cesar.madera/Fish-classification/main.py", line 41, in get_im_cv2
    resized = cv2.resize(img, (244, 244), cv2.INTER_LINEAR)
cv2.error: OpenCV(4.6.0) /io/opencv/modules/imgproc/src/resize.cpp:4052: error: (-215:Assertion failed) !ssize.empty() in function 'resize'

